<?xml version="1.0" encoding="UTF-8"?>
<testsuite name="be.kuleuven.dbproject.SomeTest" tests="1" skipped="0" failures="0" errors="0" timestamp="2023-12-08T16:11:43" hostname="3RR0R" time="0.002">
  <properties/>
  <testcase name="changeMe()" classname="be.kuleuven.dbproject.SomeTest" time="0.002"/>
  <system-out><![CDATA[]]></system-out>
  <system-err><![CDATA[]]></system-err>
</testsuite>
