<?xml version="1.0" encoding="UTF-8"?>
<testsuite name="be.kuleuven.dbproject.SomeTest" tests="1" skipped="0" failures="0" errors="0" timestamp="2024-01-20T18:09:26" hostname="EDMOND" time="0.011">
  <properties/>
  <testcase name="changeMe()" classname="be.kuleuven.dbproject.SomeTest" time="0.011"/>
  <system-out><![CDATA[]]></system-out>
  <system-err><![CDATA[]]></system-err>
</testsuite>
